[    0.000000] Initializing cgroup subsys cpuset
[    0.000000] Initializing cgroup subsys cpu
[    0.000000] Initializing cgroup subsys cpuacct
[    0.000000] Linux version 4.4.0-187-generic (buildd@lgw01-amd64-035) (gcc version 5.4.0 20160609 (Ubuntu 5.4.0-6ubuntu1~16.04.12) ) #217-Ubuntu SMP Tue Jul 21 04:18:15 UTC 2020 (Ubuntu 4.4.0-187.217-generic 4.4.230)
[    0.000000] Command line: BOOT_IMAGE=/boot/vmlinuz-4.4.0-187-generic root=LABEL=cloudimg-rootfs ro console=tty1 console=ttyS0
[    0.000000] KERNEL supported cpus:
[    0.000000]   Intel GenuineIntel
[    0.000000]   AMD AuthenticAMD
[    0.000000]   Centaur CentaurHauls
[    0.000000] x86/fpu: xstate_offset[2]:  576, xstate_sizes[2]:  256
[    0.000000] x86/fpu: Supporting XSAVE feature 0x01: 'x87 floating point registers'
[    0.000000] x86/fpu: Supporting XSAVE feature 0x02: 'SSE registers'
[    0.000000] x86/fpu: Supporting XSAVE feature 0x04: 'AVX registers'
[    0.000000] x86/fpu: Enabled xstate features 0x7, context size is 832 bytes, using 'standard' format.
[    0.000000] e820: BIOS-provided physical RAM map:
[    0.000000] BIOS-e820: [mem 0x0000000000000000-0x000000000009fbff] usable
[    0.000000] BIOS-e820: [mem 0x000000000009fc00-0x000000000009ffff] reserved
[    0.000000] BIOS-e820: [mem 0x00000000000f0000-0x00000000000fffff] reserved
[    0.000000] BIOS-e820: [mem 0x0000000000100000-0x000000003ffeffff] usable
[    0.000000] BIOS-e820: [mem 0x000000003fff0000-0x000000003fffffff] ACPI data
[    0.000000] BIOS-e820: [mem 0x00000000fec00000-0x00000000fec00fff] reserved
[    0.000000] BIOS-e820: [mem 0x00000000fee00000-0x00000000fee00fff] reserved
[    0.000000] BIOS-e820: [mem 0x00000000fffc0000-0x00000000ffffffff] reserved
[    0.000000] NX (Execute Disable) protection: active
[    0.000000] SMBIOS 2.5 present.
[    0.000000] Hypervisor detected: KVM
[    0.000000] Kernel/User page tables isolation: disabled
[    0.000000] e820: last_pfn = 0x3fff0 max_arch_pfn = 0x400000000
[    0.000000] MTRR: Disabled
[    0.000000] x86/PAT: MTRRs disabled, skipping PAT initialization too.
[    0.000000] CPU MTRRs all blank - virtualized system.
[    0.000000] x86/PAT: Configuration [0-7]: WB  WT  UC- UC  WB  WT  UC- UC  
[    0.000000] found SMP MP-table at [mem 0x0009fff0-0x0009ffff] mapped at [ffff88000009fff0]
[    0.000000] Scanning 1 areas for low memory corruption
[    0.000000] RAMDISK: [mem 0x362e2000-0x37168fff]
[    0.000000] ACPI: Early table checksum verification disabled
[    0.000000] ACPI: RSDP 0x00000000000E0000 000024 (v02 VBOX  )
[    0.000000] ACPI: XSDT 0x000000003FFF0030 00003C (v01 VBOX   VBOXXSDT 00000001 ASL  00000061)
[    0.000000] ACPI: FACP 0x000000003FFF00F0 0000F4 (v04 VBOX   VBOXFACP 00000001 ASL  00000061)
[    0.000000] ACPI: DSDT 0x000000003FFF0470 002325 (v02 VBOX   VBOXBIOS 00000002 INTL 20100528)
[    0.000000] ACPI: FACS 0x000000003FFF0200 000040
[    0.000000] ACPI: FACS 0x000000003FFF0200 000040
[    0.000000] ACPI: APIC 0x000000003FFF0240 00005C (v02 VBOX   VBOXAPIC 00000001 ASL  00000061)
[    0.000000] ACPI: SSDT 0x000000003FFF02A0 0001CC (v01 VBOX   VBOXCPUT 00000002 INTL 20100528)
[    0.000000] No NUMA configuration found
[    0.000000] Faking a node at [mem 0x0000000000000000-0x000000003ffeffff]
[    0.000000] NODE_DATA(0) allocated [mem 0x3ffeb000-0x3ffeffff]
[    0.000000] kvm-clock: Using msrs 4b564d01 and 4b564d00
[    0.000000] kvm-clock: cpu 0, msr 0:3ffe3001, primary cpu clock
[    0.000000] kvm-clock: using sched offset of 4767809220 cycles
[    0.000000] clocksource: kvm-clock: mask: 0xffffffffffffffff max_cycles: 0x1cd42e4dffb, max_idle_ns: 881590591483 ns
[    0.000000] Zone ranges:
[    0.000000]   DMA      [mem 0x0000000000001000-0x0000000000ffffff]
[    0.000000]   DMA32    [mem 0x0000000001000000-0x000000003ffeffff]
[    0.000000]   Normal   empty
[    0.000000]   Device   empty
[    0.000000] Movable zone start for each node
[    0.000000] Early memory node ranges
[    0.000000]   node   0: [mem 0x0000000000001000-0x000000000009efff]
[    0.000000]   node   0: [mem 0x0000000000100000-0x000000003ffeffff]
[    0.000000] Initmem setup node 0 [mem 0x0000000000001000-0x000000003ffeffff]
[    0.000000] ACPI: PM-Timer IO Port: 0x4008
[    0.000000] IOAPIC[0]: apic_id 2, version 32, address 0xfec00000, GSI 0-23
[    0.000000] ACPI: INT_SRC_OVR (bus 0 bus_irq 0 global_irq 2 dfl dfl)
[    0.000000] ACPI: INT_SRC_OVR (bus 0 bus_irq 9 global_irq 9 low level)
[    0.000000] Using ACPI (MADT) for SMP configuration information
[    0.000000] smpboot: Allowing 2 CPUs, 0 hotplug CPUs
[    0.000000] PM: Registered nosave memory: [mem 0x00000000-0x00000fff]
[    0.000000] PM: Registered nosave memory: [mem 0x0009f000-0x0009ffff]
[    0.000000] PM: Registered nosave memory: [mem 0x000a0000-0x000effff]
[    0.000000] PM: Registered nosave memory: [mem 0x000f0000-0x000fffff]
[    0.000000] e820: [mem 0x40000000-0xfebfffff] available for PCI devices
[    0.000000] Booting paravirtualized kernel on KVM
[    0.000000] clocksource: refined-jiffies: mask: 0xffffffff max_cycles: 0xffffffff, max_idle_ns: 7645519600211568 ns
[    0.000000] setup_percpu: NR_CPUS:512 nr_cpumask_bits:512 nr_cpu_ids:2 nr_node_ids:1
[    0.000000] PERCPU: Embedded 33 pages/cpu @ffff88003fc00000 s95512 r8192 d31464 u1048576
[    0.000000] Built 1 zonelists in Node order, mobility grouping on.  Total pages: 257912
[    0.000000] Policy zone: DMA32
[    0.000000] Kernel command line: BOOT_IMAGE=/boot/vmlinuz-4.4.0-187-generic root=LABEL=cloudimg-rootfs ro console=tty1 console=ttyS0
[    0.000000] PID hash table entries: 4096 (order: 3, 32768 bytes)
[    0.000000] Memory: 997668K/1048120K available (8636K kernel code, 1337K rwdata, 4040K rodata, 1492K init, 1296K bss, 50452K reserved, 0K cma-reserved)
[    0.000000] SLUB: HWalign=64, Order=0-3, MinObjects=0, CPUs=2, Nodes=1
[    0.000000] Hierarchical RCU implementation.
[    0.000000] 	Build-time adjustment of leaf fanout to 64.
[    0.000000] 	RCU restricting CPUs from NR_CPUS=512 to nr_cpu_ids=2.
[    0.000000] RCU: Adjusting geometry for rcu_fanout_leaf=64, nr_cpu_ids=2
[    0.000000] NR_IRQS:33024 nr_irqs:440 16
[    0.000000] Console: colour VGA+ 80x25
[    0.000000] console [tty1] enabled
[    0.000000] console [ttyS0] enabled
[    0.000000] tsc: Detected 1992.001 MHz processor
[    0.327579] Calibrating delay loop (skipped) preset value.. 3984.00 BogoMIPS (lpj=7968004)
[    0.330032] pid_max: default: 32768 minimum: 301
[    0.332322] ACPI: Core revision 20150930
[    0.336510] ACPI: 2 ACPI AML tables successfully acquired and loaded
[    0.339051] Security Framework initialized
[    0.341029] Yama: becoming mindful.
[    0.342596] AppArmor: AppArmor initialized
[    0.344209] Dentry cache hash table entries: 131072 (order: 8, 1048576 bytes)
[    0.346774] Inode-cache hash table entries: 65536 (order: 7, 524288 bytes)
[    0.355191] Mount-cache hash table entries: 2048 (order: 2, 16384 bytes)
[    0.358797] Mountpoint-cache hash table entries: 2048 (order: 2, 16384 bytes)
[    0.362769] Initializing cgroup subsys io
[    0.365225] Initializing cgroup subsys memory
[    0.367826] Initializing cgroup subsys devices
[    0.370397] Initializing cgroup subsys freezer
[    0.372887] Initializing cgroup subsys net_cls
[    0.375458] Initializing cgroup subsys perf_event
[    0.378093] Initializing cgroup subsys net_prio
[    0.380761] Initializing cgroup subsys hugetlb
[    0.383458] Initializing cgroup subsys pids
[    0.388640] mce: CPU supports 0 MCE banks
[    0.391142] Last level iTLB entries: 4KB 64, 2MB 8, 4MB 8
[    0.394198] Last level dTLB entries: 4KB 64, 2MB 0, 4MB 0, 1GB 4
[    0.397496] Spectre V1 : Mitigation: usercopy/swapgs barriers and __user pointer sanitization
[    0.402398] Spectre V2 : Mitigation: Full generic retpoline
[    0.405414] Spectre V2 : Spectre v2 / SpectreRSB mitigation: Filling RSB on context switch
[    0.410157] Speculative Store Bypass: Vulnerable
[    0.412905] SRBDS: Unknown: Dependent on hypervisor status
[    0.416295] MDS: Mitigation: Clear CPU buffers
[    0.425675] Freeing SMP alternatives memory: 36K
[    0.443503] ftrace: allocating 32337 entries in 127 pages
[    0.592498] smpboot: APIC(0) Converting physical 0 to logical package 0
[    0.596091] smpboot: Max logical packages: 1
[    0.599266] x2apic enabled
[    0.601850] Switched APIC routing to physical x2apic.
[    0.607867] ..TIMER: vector=0x30 apic1=0 pin1=2 apic2=-1 pin2=-1
[    0.719349] smpboot: CPU0: Intel(R) Core(TM) i7-8565U CPU @ 1.80GHz (family: 0x6, model: 0x8e, stepping: 0xb)
[    0.725502] Performance Events: unsupported p6 CPU model 142 no PMU driver, software events only.
[    0.754810] KVM setup paravirtual spinlock
[    0.758679] x86: Booting SMP configuration:
[    0.761177] .... node  #0, CPUs:      #1
[    0.763691] kvm-clock: cpu 1, msr 0:3ffe3041, secondary cpu clock
[    0.768450] mce: CPU supports 0 MCE banks
[    0.771818] x86: Booted up 1 node, 2 CPUs
[    0.775027] smpboot: Total of 2 processors activated (7968.00 BogoMIPS)
[    0.779037] devtmpfs: initialized
[    0.783986] evm: security.selinux
[    0.785327] evm: security.SMACK64
[    0.786544] evm: security.SMACK64EXEC
[    0.787831] evm: security.SMACK64TRANSMUTE
[    0.789234] evm: security.SMACK64MMAP
[    0.790530] evm: security.ima
[    0.791847] evm: security.capability
[    0.793455] clocksource: jiffies: mask: 0xffffffff max_cycles: 0xffffffff, max_idle_ns: 7645041785100000 ns
[    0.797336] futex hash table entries: 512 (order: 3, 32768 bytes)
[    0.799400] pinctrl core: initialized pinctrl subsystem
[    0.801360] RTC time:  1:41:10, date: 08/24/20
[    0.809289] NET: Registered protocol family 16
[    0.820914] cpuidle: using governor ladder
[    0.833050] cpuidle: using governor menu
[    0.835712] PCCT header not found.
[    0.838154] ACPI: bus type PCI registered
[    0.840891] acpiphp: ACPI Hot Plug PCI Controller Driver version: 0.5
[    0.844700] PCI: Using configuration type 1 for base access
[    0.863782] ACPI: Added _OSI(Module Device)
[    0.866600] ACPI: Added _OSI(Processor Device)
[    0.869295] ACPI: Added _OSI(3.0 _SCP Extensions)
[    0.872116] ACPI: Added _OSI(Processor Aggregator Device)
[    0.876955] ACPI: Executed 1 blocks of module-level executable AML code
[    0.886334] ACPI: Interpreter enabled
[    0.888679] ACPI: (supports S0 S5)
[    0.890805] ACPI: Using IOAPIC for interrupt routing
[    0.894133] PCI: Using host bridge windows from ACPI; if necessary, use "pci=nocrs" and report a bug
[    0.908796] ACPI: PCI Root Bridge [PCI0] (domain 0000 [bus 00-ff])
[    0.912164] acpi PNP0A03:00: _OSC: OS supports [ASPM ClockPM Segments MSI]
[    0.916852] acpi PNP0A03:00: _OSC: not requesting OS control; OS requires [ExtendedConfig ASPM ClockPM MSI]
[    0.922358] acpi PNP0A03:00: fail to add MMCONFIG information, can't access extended PCI configuration space under this bridge.
[    0.929663] PCI host bridge to bus 0000:00
[    0.932664] pci_bus 0000:00: root bus resource [io  0x0000-0x0cf7 window]
[    0.936345] pci_bus 0000:00: root bus resource [io  0x0d00-0xffff window]
[    0.940083] pci_bus 0000:00: root bus resource [mem 0x000a0000-0x000bffff window]
[    0.944239] pci_bus 0000:00: root bus resource [mem 0x40000000-0xfdffffff window]
[    0.948422] pci_bus 0000:00: root bus resource [bus 00-ff]
[    0.955344] pci 0000:00:01.1: legacy IDE quirk: reg 0x10: [io  0x01f0-0x01f7]
[    0.958382] pci 0000:00:01.1: legacy IDE quirk: reg 0x14: [io  0x03f6]
[    0.961314] pci 0000:00:01.1: legacy IDE quirk: reg 0x18: [io  0x0170-0x0177]
[    0.988963] pci 0000:00:01.1: legacy IDE quirk: reg 0x1c: [io  0x0376]
[    1.018882] pci 0000:00:07.0: quirk: [io  0x4000-0x403f] claimed by PIIX4 ACPI
[    1.021937] pci 0000:00:07.0: quirk: [io  0x4100-0x410f] claimed by PIIX4 SMB
[    1.035108] ACPI: PCI Interrupt Link [LNKA] (IRQs 5 9 10 *11)
[    1.038164] ACPI: PCI Interrupt Link [LNKB] (IRQs 5 9 *10 11)
[    1.041059] ACPI: PCI Interrupt Link [LNKC] (IRQs 5 *9 10 11)
[    1.044034] ACPI: PCI Interrupt Link [LNKD] (IRQs 5 9 10 *11)
[    1.047109] ACPI: Enabled 2 GPEs in block 00 to 07
[    1.049743] vgaarb: setting as boot device: PCI:0000:00:02.0
[    1.052111] vgaarb: device added: PCI:0000:00:02.0,decodes=io+mem,owns=io+mem,locks=none
[    1.055165] vgaarb: loaded
[    1.056344] vgaarb: bridge control possible 0000:00:02.0
[    1.059219] SCSI subsystem initialized
[    1.060946] ACPI: bus type USB registered
[    1.062642] usbcore: registered new interface driver usbfs
[    1.064506] usbcore: registered new interface driver hub
[    1.066464] usbcore: registered new device driver usb
[    1.069351] PCI: Using ACPI for IRQ routing
[    1.072268] NetLabel: Initializing
[    1.074522] NetLabel:  domain hash size = 128
[    1.077011] NetLabel:  protocols = UNLABELED CIPSOv4
[    1.079858] NetLabel:  unlabeled traffic allowed by default
[    1.083332] amd_nb: Cannot enumerate AMD northbridges
[    1.086316] clocksource: Switched to clocksource kvm-clock
[    1.112378] AppArmor: AppArmor Filesystem Enabled
[    1.114857] pnp: PnP ACPI init
[    1.117494] pnp: PnP ACPI: found 3 devices
[    1.134958] clocksource: acpi_pm: mask: 0xffffff max_cycles: 0xffffff, max_idle_ns: 2085701024 ns
[    1.138389] NET: Registered protocol family 2
[    1.140969] TCP established hash table entries: 8192 (order: 4, 65536 bytes)
[    1.143583] TCP bind hash table entries: 8192 (order: 5, 131072 bytes)
[    1.145762] TCP: Hash tables configured (established 8192 bind 8192)
[    1.147939] UDP hash table entries: 512 (order: 2, 16384 bytes)
[    1.150382] UDP-Lite hash table entries: 512 (order: 2, 16384 bytes)
[    1.156905] NET: Registered protocol family 1
[    1.158739] pci 0000:00:00.0: Limiting direct PCI/PCI transfers
[    1.161452] pci 0000:00:01.0: Activating ISA DMA hang workarounds
[    1.165110] Unpacking initramfs...
[    1.696920] Freeing initrd memory: 14876K
[    1.699555] clocksource: tsc: mask: 0xffffffffffffffff max_cycles: 0x396d54029a7, max_idle_ns: 881590429682 ns
[    1.705058] platform rtc_cmos: registered platform RTC device (no PNP device found)
[    1.709800] Scanning for low memory corruption every 60 seconds
[    1.713839] audit: initializing netlink subsys (disabled)
[    1.716789] audit: type=2000 audit(1598233277.287:1): initialized
[    1.720615] Initialise system trusted keyring
[    1.723736] HugeTLB registered 2 MB page size, pre-allocated 0 pages
[    1.730055] zbud: loaded
[    1.732843] VFS: Disk quotas dquot_6.6.0
[    1.735222] VFS: Dquot-cache hash table entries: 512 (order 0, 4096 bytes)
[    1.739305] squashfs: version 4.0 (2009/01/31) Phillip Lougher
[    1.743166] fuse init (API version 7.23)
[    1.745850] Key type big_key registered
[    1.748287] Allocating IMA MOK and blacklist keyrings.
[    1.761173] Key type asymmetric registered
[    1.763559] Asymmetric key parser 'x509' registered
[    1.766415] Block layer SCSI generic (bsg) driver version 0.4 loaded (major 249)
[    1.770898] io scheduler noop registered
[    1.773265] io scheduler deadline registered (default)
[    1.776267] io scheduler cfq registered
[    1.778674] pci_hotplug: PCI Hot Plug PCI Core version: 0.5
[    1.781677] pciehp: PCI Express Hot Plug Controller Driver version: 0.4
[    1.785374] ACPI: AC Adapter [AC] (off-line)
[    1.787983] input: Power Button as /devices/LNXSYSTM:00/LNXPWRBN:00/input/input0
[    1.792528] ACPI: Power Button [PWRF]
[    1.795103] input: Sleep Button as /devices/LNXSYSTM:00/LNXSLPBN:00/input/input1
[    1.799423] ACPI: Sleep Button [SLPF]
[    1.802050] GHES: HEST is not enabled!
[    1.804047] ACPI: Battery Slot [BAT0] (battery present)
[    1.807410] Serial: 8250/16550 driver, 32 ports, IRQ sharing enabled
[    1.832444] 00:02: ttyS0 at I/O 0x3f8 (irq = 4, base_baud = 115200) is a 16550A
[    1.839115] Linux agpgart interface v0.103
[    1.845419] loop: module loaded
[    1.848915] scsi host0: ata_piix
[    1.851427] scsi host1: ata_piix
[    1.853558] ata1: PATA max UDMA/33 cmd 0x1f0 ctl 0x3f6 bmdma 0xd000 irq 14
[    1.857164] ata2: PATA max UDMA/33 cmd 0x170 ctl 0x376 bmdma 0xd008 irq 15
[    1.861300] libphy: Fixed MDIO Bus: probed
[    1.863833] tun: Universal TUN/TAP device driver, 1.6
[    1.866717] tun: (C) 1999-2004 Max Krasnyansky <maxk@qualcomm.com>
[    1.870084] PPP generic driver version 2.4.2
[    1.872787] ehci_hcd: USB 2.0 'Enhanced' Host Controller (EHCI) Driver
[    1.876279] ehci-pci: EHCI PCI platform driver
[    1.878830] ehci-platform: EHCI generic platform driver
[    1.881590] ohci_hcd: USB 1.1 'Open' Host Controller (OHCI) Driver
[    1.884855] ohci-pci: OHCI PCI platform driver
[    1.887719] ohci-platform: OHCI generic platform driver
[    1.890553] uhci_hcd: USB Universal Host Controller Interface driver
[    1.893977] i8042: PNP: PS/2 Controller [PNP0303:PS2K,PNP0f03:PS2M] at 0x60,0x64 irq 1,12
[    1.899716] serio: i8042 KBD port at 0x60,0x64 irq 1
[    1.902501] serio: i8042 AUX port at 0x60,0x64 irq 12
[    1.905522] mousedev: PS/2 mouse device common for all mice
[    1.909416] rtc_cmos rtc_cmos: rtc core: registered rtc_cmos as rtc0
[    1.913027] rtc_cmos rtc_cmos: alarms up to one day, 114 bytes nvram
[    1.916557] i2c /dev entries driver
[    1.918843] input: AT Translated Set 2 keyboard as /devices/platform/i8042/serio0/input/input2
[    1.923951] device-mapper: uevent: version 1.0.3
[    1.926871] device-mapper: ioctl: 4.34.0-ioctl (2015-10-28) initialised: dm-devel@redhat.com
[    1.931751] ledtrig-cpu: registered to indicate activity on CPUs
[    1.935929] NET: Registered protocol family 10
[    1.938883] NET: Registered protocol family 17
[    1.941468] Key type dns_resolver registered
[    1.944497] registered taskstats version 1
[    1.946938] Loading compiled-in X.509 certificates
[    1.950882] Loaded X.509 cert 'Build time autogenerated kernel key: f06b7227f29f55afa9b8968d1b82289d30ebc7c3'
[    1.956195] zswap: loaded using pool lzo/zbud
[    1.962773] Key type trusted registered
[    1.972350] Key type encrypted registered
[    1.974749] AppArmor: AppArmor sha1 policy hashing enabled
[    1.977766] ima: No TPM chip found, activating TPM-bypass!
[    1.980830] ima: Allocated hash algorithm: sha1
[    1.983416] evm: HMAC attrs: 0x1
[    1.986165]   Magic number: 0:53:661
[    1.988442] platform PNP0C0A:00: hash matches
[    1.990980] battery PNP0C0A:00: hash matches
[    1.993686] rtc_cmos rtc_cmos: setting system clock to 2020-08-24 01:41:11 UTC (1598233271)
[    1.998737] BIOS EDD facility v0.16 2004-Jun-25, 0 devices found
[    2.001805] EDD information not available.
[    2.044138] Freeing unused kernel memory: 1492K
[    2.046670] Write protecting the kernel read-only data: 14336k
[    2.051013] Freeing unused kernel memory: 1592K
[    2.053944] Freeing unused kernel memory: 56K
Loading, please wait...
starting version 229
[    2.087379] random: systemd-udevd: uninitialized urandom read (16 bytes read, 5 bits of entropy available)
[    2.088773] random: udevadm: uninitialized urandom read (16 bytes read, 5 bits of entropy available)
[    2.088813] random: udevadm: uninitialized urandom read (16 bytes read, 5 bits of entropy available)
[    2.103224] random: systemd-udevd: uninitialized urandom read (16 bytes read, 5 bits of entropy available)
[    2.108087] random: udevadm: uninitialized urandom read (16 bytes read, 5 bits of entropy available)
[    2.108172] random: udevadm: uninitialized urandom read (16 bytes read, 5 bits of entropy available)
[    2.108475] random: udevadm: uninitialized urandom read (16 bytes read, 5 bits of entropy available)
[    2.108584] random: udevadm: uninitialized urandom read (16 bytes read, 5 bits of entropy available)
[    2.108691] random: udevadm: uninitialized urandom read (16 bytes read, 5 bits of entropy available)
[    2.108804] random: udevadm: uninitialized urandom read (16 bytes read, 5 bits of entropy available)
[    2.207364] Fusion MPT base driver 3.04.20
[    2.208987] Copyright (c) 1999-2008 LSI Corporation
[    2.216867] e1000: Intel(R) PRO/1000 Network Driver - version 7.3.21-k8-NAPI
[    2.219088] e1000: Copyright (c) 1999-2006 Intel Corporation.
[    2.239091] Fusion MPT SPI Host driver 3.04.20
[    2.245427] AVX2 version of gcm_enc/dec engaged.
[    2.248057] AES CTR mode by8 optimization enabled
[    2.409839] input: ImExPS/2 Generic Explorer Mouse as /devices/platform/i8042/serio1/input/input4
[    2.719990] e1000 0000:00:03.0 eth0: (PCI:33MHz:32-bit) 02:e1:21:9c:b1:d3
[    2.724791] e1000 0000:00:03.0 eth0: Intel(R) PRO/1000 Network Connection
[    2.732991] e1000 0000:00:03.0 enp0s3: renamed from eth0
[    2.737261] mptbase: ioc0: Initiating bringup
[    2.803376] ioc0: LSI53C1030 A0: Capabilities={Initiator}
[    2.976959] scsi host2: ioc0: LSI53C1030 A0, FwRev=00000000h, Ports=1, MaxQ=256, IRQ=20
[    3.097034] scsi 2:0:0:0: Direct-Access     VBOX     HARDDISK         1.0  PQ: 0 ANSI: 5
[    3.105123] scsi target2:0:0: Beginning Domain Validation
[    3.117352] scsi target2:0:0: Domain Validation skipping write tests
[    3.122575] scsi target2:0:0: Ending Domain Validation
[    3.127640] scsi target2:0:0: asynchronous
[    3.133992] scsi 2:0:1:0: Direct-Access     VBOX     HARDDISK         1.0  PQ: 0 ANSI: 5
[    3.141217] scsi target2:0:1: Beginning Domain Validation
[    3.189626] scsi target2:0:1: Domain Validation skipping write tests
[    3.193938] scsi target2:0:1: Ending Domain Validation
[    3.197923] scsi target2:0:1: asynchronous
[    3.226221] sd 2:0:0:0: [sda] 20971520 512-byte logical blocks: (10.7 GB/10.0 GiB)
[    3.231876] sd 2:0:0:0: Attached scsi generic sg0 type 0
[    3.237118] sd 2:0:0:0: [sda] Write Protect is off
[    3.241906] sd 2:0:0:0: [sda] Incomplete mode parameter data
[    3.245625] sd 2:0:0:0: [sda] Assuming drive cache: write through
[    3.250007] sd 2:0:1:0: [sdb] 20480 512-byte logical blocks: (10.5 MB/10.0 MiB)
[    3.255343] sd 2:0:1:0: Attached scsi generic sg1 type 0
[    3.258963] sd 2:0:1:0: [sdb] Write Protect is off
[    3.262870] sd 2:0:1:0: [sdb] Incomplete mode parameter data
[    3.266488] sd 2:0:1:0: [sdb] Assuming drive cache: write through
[    3.280451]  sda: sda1
[    3.285856] sd 2:0:0:0: [sda] Attached SCSI disk
[    3.290738] sd 2:0:1:0: [sdb] Attached SCSI disk
Begin: Loading essential drivers ... [    5.294841] md: linear personality registered for level -1
[    5.302342] md: multipath personality registered for level -4
[    5.309920] md: raid0 personality registered for level 0
[    5.320263] md: raid1 personality registered for level 1
[    5.398448] raid6: sse2x1   gen()  5077 MB/s
[    5.466583] raid6: sse2x1   xor()  3784 MB/s
[    5.534475] raid6: sse2x2   gen()  6197 MB/s
[    5.602804] raid6: sse2x2   xor()  4346 MB/s
[    5.670388] raid6: sse2x4   gen()  6867 MB/s
[    5.738736] raid6: sse2x4   xor()  6374 MB/s
[    5.806451] raid6: avx2x1   gen() 10433 MB/s
[    5.874444] raid6: avx2x2   gen() 11351 MB/s
[    5.942460] raid6: avx2x4   gen() 12492 MB/s
[    5.944959] raid6: using algorithm avx2x4 gen() 12492 MB/s
[    5.948006] raid6: using avx2x2 recovery algorithm
[    5.952755] xor: automatically using best checksumming function:
[    5.994444]    avx       : 10591.000 MB/sec
[    5.999500] async_tx: api initialized (async)
[    6.021862] md: raid6 personality registered for level 6
[    6.025117] md: raid5 personality registered for level 5
[    6.028148] md: raid4 personality registered for level 4
[    6.045607] md: raid10 personality registered for level 10
done.
Begin: Running /scripts/init-premount ... done.
Begin: Mounting root file system ... Begin: Running /scripts/local-top ... done.
Begin: Running /scripts/local-premount ... [    6.120419] Btrfs loaded
Scanning for Btrfs filesystems
done.
Warning: fsck not present, so skipping root file system
[    6.195343] EXT4-fs (sda1): mounted filesystem with ordered data mode. Opts: (null)
done.
Begin: Running /scripts/local-bottom ... done.
Begin: Running /scripts/init-bottom ... done.
[    6.414363] systemd[1]: systemd 229 running in system mode. (+PAM +AUDIT +SELINUX +IMA +APPARMOR +SMACK +SYSVINIT +UTMP +LIBCRYPTSETUP +GCRYPT +GNUTLS +ACL +XZ -LZ4 +SECCOMP +BLKID +ELFUTILS +KMOD -IDN)
[    6.423689] systemd[1]: Detected virtualization oracle.
[    6.426757] systemd[1]: Detected architecture x86-64.

Welcome to [1mUbuntu 16.04.7 LTS[0m!

[    6.435277] systemd[1]: Set hostname to <ubuntu>.
[    6.442863] systemd[1]: Initializing machine ID from random generator.
[    6.446772] systemd[1]: Installed transient /etc/machine-id file.
[    6.757472] systemd[1]: Created slice System Slice.
[[0;32m  OK  [0m] Created slice System Slice.
[    6.766206] systemd[1]: Created slice system-serial\x2dgetty.slice.
[[0;32m  OK  [0m] Created slice system-serial\x2dgetty.slice.
[    6.775850] systemd[1]: Set up automount Arbitrary Executable File Formats File System Automount Point.
[[0;32m  OK  [0m] Set up automount Arbitrary Executab...ats File System Automount Point.
[    6.799554] systemd[1]: Listening on Journal Audit Socket.
[[0;32m  OK  [0m] Listening on Journal Audit Socket.
[    6.808756] systemd[1]: Created slice User and Session Slice.
[[0;32m  OK  [0m] Created slice User and Session Slice.
[    6.816958] systemd[1]: Listening on /dev/initctl Compatibility Named Pipe.
[[0;32m  OK  [0m] Listening on /dev/initctl Compatibility Named Pipe.
[    6.826628] systemd[1]: Started Trigger resolvconf update for networkd DNS.
[[0;32m  OK  [0m] Started Trigger resolvconf update for networkd DNS.
[    6.836829] systemd[1]: Listening on udev Kernel Socket.
[[0;32m  OK  [0m] Listening on udev Kernel Socket.
[    6.844663] systemd[1]: Reached target Slices.
[[0;32m  OK  [0m] Reached target Slices.
[    6.852917] systemd[1]: Listening on LVM2 metadata daemon socket.
[[0;32m  OK  [0m] Listening on LVM2 metadata daemon socket.
[    6.864215] systemd[1]: Listening on Syslog Socket.
[[0;32m  OK  [0m] Listening on Syslog Socket.
[    6.879470] systemd[1]: Listening on Device-mapper event daemon FIFOs.
[[0;32m  OK  [0m] Listening on Device-mapper event daemon FIFOs.
[    6.890899] systemd[1]: Started Forward Password Requests to Wall Directory Watch.
[[0;32m  OK  [0m] Started Forward Password Requests to Wall Directory Watch.
[    6.904633] systemd[1]: Reached target System Time Synchronized.
[[0;32m  OK  [0m] Reached target System Time Synchronized.
[    6.917138] systemd[1]: Listening on LVM2 poll daemon socket.
[[0;32m  OK  [0m] Listening on LVM2 poll daemon socket.
[    6.926350] systemd[1]: Listening on Journal Socket.
[[0;32m  OK  [0m] Listening on Journal Socket.
[    6.947768] systemd[1]: Starting Create list of required static device nodes for the current kernel...
         Starting Create list of required st... nodes for the current kernel...
[    6.963843] systemd[1]: Mounting POSIX Message Queue File System...
         Mounting POSIX Message Queue File System...
[    6.977249] systemd[1]: Mounting Debug File System...
         Mounting Debug File System...
[    6.989930] systemd[1]: Mounting Huge Pages File System...
         Mounting Huge Pages File System...
[    7.003878] systemd[1]: Starting Set console keymap...
         Starting Set console keymap...
[    7.016265] systemd[1]: Starting Uncomplicated firewall...
         Starting Uncomplicated firewall...
[    7.019679] systemd[1]: Listening on udev Control Socket.
[[0;32m  OK  [0m] Listening on udev Control Socket.
[    7.031026] systemd[1]: Listening on Journal Socket (/dev/log).
[[0;32m  OK  [0m] Listening on Journal Socket (/dev/log).
[    7.055606] systemd[1]: Starting Journal Service...
         Starting Journal Service...
[    7.060533] systemd[1]: Reached target User and Group Name Lookups.
[[0;32m  OK  [0m] Reached target User and Group Name Lookups.
[    7.066004] systemd[1]: Reached target Swap.
[[0;32m  OK  [0m] Reached target Swap.
[    7.080101] systemd[1]: Starting Load Kernel Modules...
         Starting Load Kernel Modules...
[    7.084967] systemd[1]: Reached target Encrypted Volumes.
[[0;32m  OK  [0m] Reached target Encrypted Volumes.
[    7.091880] systemd[1]: Starting Nameserver information manager...
         Starting Nameserver information manager...
[    7.100643] Loading iSCSI transport class v2.0-870.
[    7.101749] systemd[1]: Starting Monitoring of LVM2 mirrors, snapshots etc. using dmeventd or progress polling...
         Starting Monitoring of LVM2 mirrors... dmeventd or progress polling...
[    7.125211] systemd[1]: Starting Remount Root and Kernel File Systems...
         Starting Remount Root and Kernel File Systems...
[    7.137630] systemd[1]: Mounted Debug File System.

    7.140635] EXT4-fs (sda1): re-mounted. Opts: (null)
[[0;32m  OK  [0m] Mounted Debug File System.
[    7.144829] systemd[1]: Mounted POSIX Message Queue File System.
[[0;32m  OK  [0m] Mounted POSIX Message Queue File System.
[    7.150866] systemd[1]: Mounted Huge Pages File System.
[    7.154146] iscsi: registered transport (tcp)
[[0;32m  OK  [0m] Mounted Huge Pages File System.
[    7.161353] systemd[1]: Started Create list of required static device nodes for the current kernel.
[[0;32m  OK  [0m] Started Create list of required sta...ce nodes for the current kernel.
[    7.175098] systemd[1]: Started Uncomplicated firewall.
[[0;32m  OK  [0m] Started Uncomplicated firewall.
[    7.204272] systemd[1]: Started Remount Root and Kernel File Systems.
[[0;32m  OK  [0m] Started Remount Root and Kernel File Systems.
[    7.217465] systemd[1]: Started Journal Service.
[[0;32m  OK  [0m] Started Journal Service.
[[0;32m  OK  [0m] Started Nameserver information manager.
[[0;32m  OK  [0m] Started LVM2 metadata daemon.
[    7.236795] random: nonblocking pool is initialized
         Starting udev Coldplug all Devices...
         Starting Load/Save Random Seed...
         Starting Flush Journal to Persistent Storage...
         Starting Create Static Device Nodes in /dev...
[[0;32m  OK  [0m] Started Load/Save Random Seed.
[    7.278932] systemd-journald[389]: Received request to flush runtime journal from PID 1
[[0;32m  OK  [0m] Started Flush Journal to Persistent Storage.
[[0;32m  OK  [0m] Started Create Static Device Nodes in /dev.
[    7.309447] iscsi: registered transport (iser)
         Starting udev Kernel Device Manager...
[[0;32m  OK  [0m] Started Set console keymap.
[[0;32m  OK  [0m] Started Load Kernel Modules.
         Starting Apply Kernel Variables...
         Mounting FUSE Control File System...
[[0;32m  OK  [0m] Mounted FUSE Control File System.
[[0;32m  OK  [0m] Started Apply Kernel Variables.
[[0;32m  OK  [0m] Started udev Coldplug all Devices.
[[0;32m  OK  [0m] Started udev Kernel Device Manager.
[[0;32m  OK  [0m] Started Dispatch Password Requests to Console Directory Watch.
[[0;32m  OK  [0m] Started Monitoring of LVM2 mirrors,...ng dmeventd or progress polling.
[[0;32m  OK  [0m] Reached target Local File Systems (Pre).
[[0;32m  OK  [0m] Reached target Local File Systems.
         Starting Tell Plymouth To Write Out Runtime Data...
         Starting LSB: AppArmor initialization...
         Starting Commit a transient machine-id on disk...
         Starting Create Volatile Files and Directories...
         Starting Initial cloud-init job (pre-networking)...
         Starting Set console font and keymap...
[[0;32m  OK  [0m] Started Tell Plymouth To Write Out Runtime Data.
[[0;32m  OK  [0m] Started Create Volatile Files and Directories.
[[0;32m  OK  [0m] Started Commit a transient machine-id on disk.
[[0;32m  OK  [0m] Found device /dev/ttyS0.
         Starting Update UTMP about System Boot/Shutdown...
[[0;32m  OK  [0m] Started Update UTMP about System Boot/Shutdown.
[[0;32m  OK  [0m] Listening on Load/Save RF Kill Switch Status /dev/rfkill Watch.
[   10.425772] cloud-init[506]: Cloud-init v. 20.2-45-g5f7825e2-0ubuntu1~16.04.1 running 'init-local' at Mon, 24 Aug 2020 01:41:19 +0000. Up 9.41 seconds.
[[0;32m  OK  [0m] Started Initial cloud-init job (pre-networking).
[[0;32m  OK  [0m] Reached target Network (Pre).
[[0;32m  OK  [0m] Started Set console font and keymap.
[[0;32m  OK  [0m] Created slice system-getty.slice.
[[0;32m  OK  [0m] Started LSB: AppArmor initialization.
         Starting Load AppArmor profiles managed internally by snapd...
         Starting Raise network interfaces...
[[0;32m  OK  [0m] Started Load AppArmor profiles managed internally by snapd.
[[0;32m  OK  [0m] Started Raise network interfaces.
[[0;32m  OK  [0m] Reached target Network.
         Starting Initial cloud-init job (metadata service crawler)...
[   15.197793] cloud-init[952]: Cloud-init v. 20.2-45-g5f7825e2-0ubuntu1~16.04.1 running 'init' at Mon, 24 Aug 2020 01:41:23 +0000. Up 13.77 seconds.
[   15.202210] cloud-init[952]: ci-info: ++++++++++++++++++++++++++++++++++++++Net device info++++++++++++++++++++++++++++++++++++++
[   15.206641] cloud-init[952]: ci-info: +--------+------+----------------------------+---------------+--------+-------------------+
[   15.216898] cloud-init[952]: ci-info: | Device |  Up  |          Address           |      Mask     | Scope  |     Hw-Address    |
[   15.219926] cloud-init[952]: ci-info: +--------+------+----------------------------+---------------+--------+-------------------+
[   15.223450] cloud-init[952]: ci-info: | enp0s3 | True |         10.0.2.15          | 255.255.255.0 | global | 02:e1:21:9c:b1:d3 |
[   15.226643] cloud-init[952]: ci-info: | enp0s3 | True | fe80::e1:21ff:fe9c:b1d3/64 |       .       |  link  | 02:e1:21:9c:b1:d3 |
[   15.230162] cloud-init[952]: ci-info: |   lo   | True |         127.0.0.1          |   255.0.0.0   |  host  |         .         |
[   15.233516] cloud-init[952]: ci-info: |   lo   | True |          ::1/128           |       .       |  host  |         .         |
[   15.236446] cloud-init[952]: ci-info: +--------+------+----------------------------+---------------+--------+-------------------+
[   15.239269] cloud-init[952]: ci-info: +++++++++++++++++++++++++++Route IPv4 info++++++++++++++++++++++++++++
[   15.249169] cloud-init[952]: ci-info: +-------+-------------+----------+---------------+-----------+-------+
[   15.251870] cloud-init[952]: ci-info: | Route | Destination | Gateway  |    Genmask    | Interface | Flags |
[   15.260821] cloud-init[952]: ci-info: +-------+-------------+----------+---------------+-----------+-------+
[   15.268794] cloud-init[952]: ci-info: |   0   |   0.0.0.0   | 10.0.2.2 |    0.0.0.0    |   enp0s3  |   UG  |
[   15.271596] cloud-init[952]: ci-info: |   1   |   10.0.2.0  | 0.0.0.0  | 255.255.255.0 |   enp0s3  |   U   |
[   15.274374] cloud-init[952]: ci-info: +-------+-------------+----------+---------------+-----------+-------+
[   15.277300] cloud-init[952]: ci-info: +++++++++++++++++++Route IPv6 info+++++++++++++++++++
[   15.279581] cloud-init[952]: ci-info: +-------+-------------+---------+-----------+-------+
[   15.282339] cloud-init[952]: ci-info: | Route | Destination | Gateway | Interface | Flags |
[   15.284941] cloud-init[952]: ci-info: +-------+-------------+---------+-----------+-------+
[   15.287734] cloud-init[952]: ci-info: |   0   |  fe80::/64  |    ::   |   enp0s3  |   U   |
[   15.290095] cloud-init[952]: ci-info: |   3   |   ff00::/8  |    ::   |   enp0s3  |   U   |
[   15.293007] cloud-init[952]: ci-info: +-------+-------------+---------+-----------+-------+
[[0;32m  OK  [0m] Started Initial cloud-init job (metadata service crawler).
[[0;32m  OK  [0m] Reached target System Initialization.
[   15.300381] cloud-init[952]: Generating public/private rsa key pair.
[   15.300969] cloud-init[952]: Your identification has been saved in /etc/ssh/ssh_host_rsa_key.
[   15.301462] cloud-init[952]: Your public key has been saved in /etc/ssh/ssh_host_rsa_key.pub.
[   15.302215] cloud-init[952]: The key fingerprint is:
[   15.302995] cloud-init[952]: SHA256:eQswes3/KjYuxP7Yv/I5Ow48h81bvEOJh/antYZZogA root@ubuntu-xenial
[   15.303974] cloud-init[952]: The key's randomart image is:
[   15.305324] cloud-init[952]: +---[RSA 2048]----+
[   15.305957] cloud-init[952]: |                 |
[   15.306269] cloud-init[952]: |                 |
[   15.306621] cloud-init[952]: |      o          |
[   15.306986] cloud-init[952]: |     .E= .       |
[   15.307274] cloud-init[952]: |    ....S .o .   |
[   15.308647] cloud-init[952]: |     .o..B+o= .  |
[   15.308796] cloud-init[952]: |     o  =o*=o=.  |
[   15.309497] cloud-init[952]: |      oo=++==oo. |
[   15.309863] cloud-init[952]: |      .=+BX*+=.  |
[   15.310503] cloud-init[952]: +----[SHA256]-----+
[   15.311116] cloud-init[952]: Generating public/private dsa key pair.
[   15.312044] cloud-init[952]: Your identification has been saved in /etc/ssh/ssh_host_dsa_key.
[   15.312492] cloud-init[952]: Your public key has been saved in /etc/ssh/ssh_host_dsa_key.pub.
[   15.312902] cloud-init[952]: The key fingerprint is:
[   15.313265] cloud-init[952]: SHA256:TADhLvn+FG5gYhhbDRo0ozLxZHy+027h50xuRmgSHaY root@ubuntu-xenial
[   15.313658] cloud-init[952]: The key's randomart image is:
[   15.314654] cloud-init[952]: +---[DSA 1024]----+
[   15.314969] cloud-init[952]: |+=+ oo.          |
[   15.315117] cloud-init[952]: |.B++. o.         |
[   15.315477] cloud-init[952]: |* ooo+ ..        |
[[0;32m  OK  [0m] Started Daily Cleanup of Temporary Directories.
         Starting Socket activation for snappy daemon.
[[0;32m  OK  [0m] Started Message of the Day.
[[0;32m  OK  [0m] Started Daily apt download activities.
[[0;32m  OK  [0m] Listening on UUID daemon activation socket.
[   15.316182] cloud-init[952]: |.* oE .o         |
[[0;32m  OK  [0m] Started ACPI Events Check.
[[0;32m  OK  [0m] Reached target Paths.
[[0;32m  OK  [0m] Started Daily apt upgrade and clean activities.
[   15.351776] cloud-init[952]: |o = ++..S        |
[   15.360634] cloud-init[952]: | . =+o=..        |
[[0;32m  OK  [0m] Reached target Timers.
[[0;32m  OK  [0m] Listening on ACPID Listen Socket.
[   15.371512] cloud-init[952]: |    .*+o.        |
[   15.384146] cloud-init[952]: |   . o+++        |
[   15.386830] cloud-init[952]: |    .o.=+        |
[   15.396938] cloud-init[952]: +----[SHA256]-----+
         Starting LXD - unix socket.
[[0;32m  OK  [0m] Listening on D-Bus System Message Bus Socket.
[   15.403265] cloud-init[952]: Generating public/private ecdsa key pair.
[[0;32m  OK  [0m] Reached target Cloud-config availability.
[[0;32m  OK  [0m] Reached target Network is Online.
[   15.412207] cloud-init[952]: Your identification has been saved in /etc/ssh/ssh_host_ecdsa_key.
[   15.418590] cloud-init[952]: Your public key has been saved in /etc/ssh/ssh_host_ecdsa_key.pub.
[   15.422589] cloud-init[952]: The key fingerprint is:
[   15.425145] cloud-init[952]: SHA256:a02Byjm12rEWRT32jUHKpsOHQWvEJB/oalaswmV2W0w root@ubuntu-xenial
[   15.432538] cloud-init[952]: The key's randomart image is:
[   15.432702] cloud-init[952]: +---[ECDSA 256]---+
[   15.433818] cloud-init[952]: |        .+*. ..  |
[   15.434278] cloud-init[952]: |        .BE++..  |
[   15.434963] cloud-init[952]: |       oooB.+o + |
         Starting iSCSI initiator daemon (iscsid)...
[[0;32m  OK  [0m] Listening on Socket activation for snappy daemon.
[[0;32m  OK  [0m] Listening on LXD - unix socket.
[[0;32m  OK  [0m] Reached target Sockets.
[[0;32m  OK  [0m] Reached target Basic System.[   15.435861] cloud-init[952]: |     .++==o*  o .|

[   15.443199] cloud-init[[0;32m  OK  [0m] Started FUSE filesystem for LXC.
[952]: |   . +==So* .    |
[   15.460547] cloud-init[[952]: [0;32m  OK  [0m|    o =+.B o     |] 
Started Regular background program processing daemon.
[[0;32m  OK  [0m] Started Deferred execution scheduler.
         Starting System Logging Service...
[   15.482783]          Starting LSB: Record successful boot for GRUB...
         Starting Virtualbox guest utils...
         Starting LSB: MD monitoring daemon...
         Starting /etc/rc.local Compatibility...
         Starting Snap Daemon...
         Starting LXD - container startup/shutdown...
[[0;32m  OK  [0m] Started D-Bus System Message Bus.
cloud-init[952]: |     +. * .      |
[   15.548849] cloud-init[952]: |       o         |
[   15.561476] cloud-init[952]: |                 |
[   15.568842] cloud-init[952]: +----[SHA256]-----+
[   15.579906] cloud-init[952]: Generating public/private ed25519 key pair.
[   15.585340] cloud-init[952]: Your identification has been saved in /etc/ssh/ssh_host_ed25519_key.
[   15.601874] cloud-init[952]: Your public key has been saved in /etc/ssh/ssh_host_ed25519_key.pub.
[   15.610148] cloud-init[952]: The key fingerprint is:
[   15.617528] cloud-init[952]: SHA256:uGGJEo4Vp15A0SrLUjoZmC2naF2sXk/2emcIiWodpvI root@ubuntu-xenial
[   15.647322]          Starting Pollinate to seed the pseudo random number generator...
cloud-init[952]: The key's randomart image is:
         Starting Accounts Service...
[   15.650009] cloud-init[952]: +--[ED25519 256]--+
         Starting Login Service...
[   15.654083] cloud-init[952]: | .=o.            |
[   15.668773] cloud-init[952]: |   =.            |
[   15.669848] cloud-init[952]: |.o+.o            |
[   15.670211] cloud-init[952]: |*==o + o         |
[   15.670791] cloud-init[952]: |+@= + * S        |[[0;32m  OK  [0m] Started ACPI event daemon.

[[0;32m  OK  [0m] Started System Logging Service.
[   15.681427] cloud-init[952]: |Oo + * B         |
[   15.697554] cloud-init[952]: |o.. * * o .      |
[   15.701443] cloud-init[952]: | . = . . + o     |
[[0;32m  OK  [0m] Started /etc/rc.local Compatibility.[   15.713495] 
cloud-init[952]: |  +E   .o o      |
[   15.717651] cloud-init[952]: +----[SHA256]-----+
[[0;32m  OK  [0m] Started Login Service.
[[0;32m  OK  [0m] Started Unattended Upgrades Shutdown.
[[0;32m  OK  [0m] Started iSCSI initiator daemon (iscsid).
         Starting Authenticate and Authorize Users to Run Privileged Tasks...
         Starting Login to default iSCSI targets...
[[0;32m  OK  [0m] Started LSB: Record successful boot for GRUB.
[[0;32m  OK  [0m] Started LSB: MD monitoring daemon.
[[0;32m  OK  [0m] Started Login to default iSCSI targets.
[[0;32m  OK  [0m] Reached target Remote File Systems (Pre).
[[0;32m  OK  [0m] Reached target Remote File Systems.
         Starting Permit User Sessions...
         Starting LSB: automatic crash report generation...
         Starting LSB: Set the CPU Frequency Scaling governor to "ondemand"...
         Starting LSB: daemon to balance interrupts for SMP systems...
[[0;32m  OK  [0m] Started LXD - container startup/shutdown.
[[0;32m  OK  [0m] Started Permit User Sessions.
[[0;32m  OK  [0m] Started Authenticate and Authorize Users to Run Privileged Tasks.
         Starting Terminate Plymouth Boot Screen...
         Starting Hold until boot process finishes up...
[[0;32m  OK  [0m] Started Hold until boot process finishes up.
[[0;32m  OK  [0m] Started Terminate Plymouth Boot Screen.
[[0;32m  OK  [0m] Started Accounts Service.
[[0;32m  OK  [0m] Started Getty on tty1.
[[0;32m  OK  [0m] Started Serial Getty on ttyS0.
[[0;32m  OK  [0m] Reached target Login Prompts.
         Starting Set console scheme...
[[0;32m  OK  [0m] Started Set console scheme.
[[0;32m  OK  [0m] Started LSB: Set the CPU Frequency Scaling governor to "ondemand".
[[0;32m  OK  [0m] Started LSB: automatic crash report generation.
[[0;32m  OK  [0m] Started LSB: daemon to balance interrupts for SMP systems.
[[0;32m  OK  [0m] Started Virtualbox guest utils.
[[0;32m  OK  [0m] Started Snap Daemon.
         Starting Wait until snapd is fully seeded...
[[0;32m  OK  [0m] Started Pollinate to seed the pseudo random number generator.
         Starting OpenBSD Secure Shell server...
[[0;32m  OK  [0m] Started OpenBSD Secure Shell server.
[[0;32m  OK  [0m] Created slice User Slice of vagrant.
         Starting User Manager for UID 1000...
[[0;32m  OK  [0m] Started Session 1 of user vagrant.
[[0;32m  OK  [0m] Started User Manager for UID 1000.

Ubuntu 16.04.7 LTS ubuntu-xenial ttyS0

ubuntu-xenial login: [   28.764315] cloud-init[1614]: Generating locales (this might take a while)...
[   31.019777] cloud-init[1614]:   en_US.UTF-8... done
[   31.021233] cloud-init[1614]: Generation complete.
[   31.805551] cloud-init[1614]: Cloud-init v. 20.2-45-g5f7825e2-0ubuntu1~16.04.1 running 'modules:config' at Mon, 24 Aug 2020 01:41:38 +0000. Up 28.38 seconds.
ci-info: no authorized SSH keys fingerprints found for user ubuntu.
<14>Aug 24 01:41:43 ec2: 
<14>Aug 24 01:41:43 ec2: #############################################################
<14>Aug 24 01:41:43 ec2: -----BEGIN SSH HOST KEY FINGERPRINTS-----
<14>Aug 24 01:41:43 ec2: 1024 SHA256:TADhLvn+FG5gYhhbDRo0ozLxZHy+027h50xuRmgSHaY root@ubuntu-xenial (DSA)
<14>Aug 24 01:41:43 ec2: 256 SHA256:a02Byjm12rEWRT32jUHKpsOHQWvEJB/oalaswmV2W0w root@ubuntu-xenial (ECDSA)
<14>Aug 24 01:41:43 ec2: 256 SHA256:uGGJEo4Vp15A0SrLUjoZmC2naF2sXk/2emcIiWodpvI root@ubuntu-xenial (ED25519)
<14>Aug 24 01:41:43 ec2: 2048 SHA256:eQswes3/KjYuxP7Yv/I5Ow48h81bvEOJh/antYZZogA root@ubuntu-xenial (RSA)
<14>Aug 24 01:41:43 ec2: -----END SSH HOST KEY FINGERPRINTS-----
<14>Aug 24 01:41:43 ec2: #############################################################
-----BEGIN SSH HOST KEY KEYS-----
ecdsa-sha2-nistp256 AAAAE2VjZHNhLXNoYTItbmlzdHAyNTYAAAAIbmlzdHAyNTYAAABBBAMjfrcamsm852EXHjAr8YB2w6gVYsXTKuGih+QJSxK/K7zmuye5o8aLSUpoGX7Z0F93StaAw2MfM68LDAzoTng= root@ubuntu-xenial
ssh-ed25519 AAAAC3NzaC1lZDI1NTE5AAAAIC3iv7TGS4zkmGL6a8hJxI1jDI9PJSPz52qnq0WHE83Z root@ubuntu-xenial
ssh-rsa AAAAB3NzaC1yc2EAAAADAQABAAABAQC9WDUXmnSlfW1/+hWGxbgu7FtFZxFqqvQ2MDh1NL+kUh0p4sNRgip34GSNk80PCeEviLL1c4tI9R68t77UEwawDe2kaNPH+y9qcbGhmAJWVHr2bVRqn6BnK8V+shx1BI4TGkSpWB43UwHUuxb7PaQIRSkVmxGKMm/WlZgPU90vZh+lXlE0FR2dwv93s0+M4S7GQbvN2NFFRbaDYYNqvlwwFspTDhXA2eWBBWlKgCvmmCgzNuRh/9T8rvIYeFX+fEAaOjJEXeVfb9XzaHePoN4bZSMm53QFhW9eYwXGfgu/viRVIvrxXnfT4KZdlxBeF2hDW+6e//RTlF+LJWmdQoL1 root@ubuntu-xenial
-----END SSH HOST KEY KEYS-----
[   33.323887] cloud-init[1907]: Cloud-init v. 20.2-45-g5f7825e2-0ubuntu1~16.04.1 running 'modules:final' at Mon, 24 Aug 2020 01:41:42 +0000. Up 32.92 seconds.
[   33.324478] cloud-init[1907]: ci-info: no authorized SSH keys fingerprints found for user ubuntu.
[   33.325046] cloud-init[1907]: Cloud-init v. 20.2-45-g5f7825e2-0ubuntu1~16.04.1 finished at Mon, 24 Aug 2020 01:41:43 +0000. Datasource DataSourceNoCloud [seed=/dev/sdb][dsmode=net].  Up 33.28 seconds
